# JRE version: Java(TM) SE Runtime Environment (8.0_131-b11) (build 1.8.0_131-b11)
# Java VM: Java HotSpot(TM) 64-Bit Server VM (25.131-b11 mixed mode windows-amd64 compressed oops)
Heap:
 PSYoungGen      total 573952K, used 453694K [0x000000076ab00000, 0x000000079e300000, 0x00000007c0000000)
  eden space 304128K, 95% used [0x000000076ab00000,0x000000077c7e29a0,0x000000077d400000)
  from space 269824K, 60% used [0x000000077d400000,0x000000078722d068,0x000000078db80000)
  to   space 232448K, 0% used [0x0000000790000000,0x0000000790000000,0x000000079e300000)
 ParOldGen       total 339456K, used 183451K [0x00000006c0000000, 0x00000006d4b80000, 0x000000076ab00000)
  object space 339456K, 54% used [0x00000006c0000000,0x00000006cb326c08,0x00000006d4b80000)
 Metaspace       used 6558K, capacity 7320K, committed 7680K, reserved 1056768K
  class space    used 631K, capacity 656K, committed 768K, reserved 1048576K
GC Heap History (10 events):
Event: 24.027 GC heap before
{Heap before GC invocations=16 (full 1):
 PSYoungGen      total 480768K, used 455494K [0x000000076ab00000, 0x000000079a000000, 0x00000007c0000000)
  eden space 254976K, 100% used [0x000000076ab00000,0x000000077a400000,0x000000077a400000)
  from space 225792K, 88% used [0x000000078c380000,0x0000000798751b28,0x000000079a000000)
  to   space 202240K, 0% used [0x000000077a400000,0x000000077a400000,0x0000000786980000)
 ParOldGen       total 179200K, used 130949K [0x00000006c0000000, 0x00000006caf00000, 0x000000076ab00000)
  object space 179200K, 73% used [0x00000006c0000000,0x00000006c7fe14a0,0x00000006caf00000)
 Metaspace       used 6498K, capacity 7256K, committed 7424K, reserved 1056768K
  class space    used 630K, capacity 656K, committed 768K, reserved 1048576K
Event: 24.526 GC heap after
Heap after GC invocations=16 (full 1):
 PSYoungGen      total 457216K, used 202208K [0x000000076ab00000, 0x00000007a1700000, 0x00000007c0000000)
  eden space 254976K, 0% used [0x000000076ab00000,0x000000076ab00000,0x000000077a400000)
  from space 202240K, 99% used [0x000000077a400000,0x00000007869781e8,0x0000000786980000)
  to   space 285696K, 0% used [0x0000000790000000,0x0000000790000000,0x00000007a1700000)
 ParOldGen       total 179200K, used 155697K [0x00000006c0000000, 0x00000006caf00000, 0x000000076ab00000)
  object space 179200K, 86% used [0x00000006c0000000,0x00000006c980c4d0,0x00000006caf00000)
 Metaspace       used 6498K, capacity 7256K, committed 7424K, reserved 1056768K
  class space    used 630K, capacity 656K, committed 768K, reserved 1048576K
}
Event: 24.526 GC heap before
{Heap before GC invocations=17 (full 2):
 PSYoungGen      total 457216K, used 202208K [0x000000076ab00000, 0x00000007a1700000, 0x00000007c0000000)
  eden space 254976K, 0% used [0x000000076ab00000,0x000000076ab00000,0x000000077a400000)
  from space 202240K, 99% used [0x000000077a400000,0x00000007869781e8,0x0000000786980000)
  to   space 285696K, 0% used [0x0000000790000000,0x0000000790000000,0x00000007a1700000)
 ParOldGen       total 179200K, used 155697K [0x00000006c0000000, 0x00000006caf00000, 0x000000076ab00000)
  object space 179200K, 86% used [0x00000006c0000000,0x00000006c980c4d0,0x00000006caf00000)
 Metaspace       used 6498K, capacity 7256K, committed 7424K, reserved 1056768K
  class space    used 630K, capacity 656K, committed 768K, reserved 1048576K
Event: 29.330 GC heap after
Heap after GC invocations=17 (full 2):
 PSYoungGen      total 457216K, used 85455K [0x000000076ab00000, 0x00000007a1700000, 0x00000007c0000000)
  eden space 254976K, 0% used [0x000000076ab00000,0x000000076ab00000,0x000000077a400000)
  from space 202240K, 42% used [0x000000077a400000,0x000000077f773fa8,0x0000000786980000)
  to   space 285696K, 0% used [0x0000000790000000,0x0000000790000000,0x00000007a1700000)
 ParOldGen       total 179200K, used 179035K [0x00000006c0000000, 0x00000006caf00000, 0x000000076ab00000)
  object space 179200K, 99% used [0x00000006c0000000,0x00000006caed6f18,0x00000006caf00000)
 Metaspace       used 6498K, capacity 7256K, committed 7424K, reserved 1056768K
  class space    used 630K, capacity 656K, committed 768K, reserved 1048576K
}
Event: 30.024 GC heap before
{Heap before GC invocations=18 (full 3):
 PSYoungGen      total 457216K, used 340431K [0x000000076ab00000, 0x00000007a1700000, 0x00000007c0000000)
  eden space 254976K, 100% used [0x000000076ab00000,0x000000077a400000,0x000000077a400000)
  from space 202240K, 42% used [0x000000077a400000,0x000000077f773fa8,0x0000000786980000)
  to   space 285696K, 0% used [0x0000000790000000,0x0000000790000000,0x00000007a1700000)
 ParOldGen       total 179200K, used 179035K [0x00000006c0000000, 0x00000006caf00000, 0x000000076ab00000)
  object space 179200K, 99% used [0x00000006c0000000,0x00000006caed6f18,0x00000006caf00000)
 Metaspace       used 6523K, capacity 7256K, committed 7424K, reserved 1056768K
  class space    used 630K, capacity 656K, committed 768K, reserved 1048576K
Event: 32.297 GC heap after
Heap after GC invocations=18 (full 3):
 PSYoungGen      total 457216K, used 96809K [0x000000076ab00000, 0x00000007a1700000, 0x00000007c0000000)
  eden space 254976K, 37% used [0x000000076ab00000,0x000000077098a660,0x000000077a400000)
  from space 202240K, 0% used [0x000000077a400000,0x000000077a400000,0x0000000786980000)
  to   space 285696K, 0% used [0x0000000790000000,0x0000000790000000,0x00000007a1700000)
 ParOldGen       total 339456K, used 179152K [0x00000006c0000000, 0x00000006d4b80000, 0x000000076ab00000)
  object space 339456K, 52% used [0x00000006c0000000,0x00000006caef4238,0x00000006d4b80000)
 Metaspace       used 6523K, capacity 7256K, committed 7424K, reserved 1056768K
  class space    used 630K, capacity 656K, committed 768K, reserved 1048576K
}
Event: 37.886 GC heap before
{Heap before GC invocations=19 (full 3):
 PSYoungGen      total 457216K, used 254976K [0x000000076ab00000, 0x00000007a1700000, 0x00000007c0000000)
  eden space 254976K, 100% used [0x000000076ab00000,0x000000077a400000,0x000000077a400000)
  from space 202240K, 0% used [0x000000077a400000,0x000000077a400000,0x0000000786980000)
  to   space 285696K, 0% used [0x0000000790000000,0x0000000790000000,0x00000007a1700000)
 ParOldGen       total 339456K, used 179152K [0x00000006c0000000, 0x00000006d4b80000, 0x000000076ab00000)
  object space 339456K, 52% used [0x00000006c0000000,0x00000006caef4238,0x00000006d4b80000)
 Metaspace       used 6540K, capacity 7256K, committed 7424K, reserved 1056768K
  class space    used 630K, capacity 656K, committed 768K, reserved 1048576K
Event: 38.213 GC heap after
Heap after GC invocations=19 (full 3):
 PSYoungGen      total 536576K, used 116996K [0x000000076ab00000, 0x000000079e300000, 0x00000007c0000000)
  eden space 304128K, 0% used [0x000000076ab00000,0x000000076ab00000,0x000000077d400000)
  from space 232448K, 50% used [0x0000000790000000,0x0000000797241170,0x000000079e300000)
  to   space 269824K, 0% used [0x000000077d400000,0x000000077d400000,0x000000078db80000)
 ParOldGen       total 339456K, used 183451K [0x00000006c0000000, 0x00000006d4b80000, 0x000000076ab00000)
  object space 339456K, 54% used [0x00000006c0000000,0x00000006cb326c08,0x00000006d4b80000)
 Metaspace       used 6540K, capacity 7256K, committed 7424K, reserved 1056768K
  class space    used 630K, capacity 656K, committed 768K, reserved 1048576K
}
Event: 39.039 GC heap before
{Heap before GC invocations=20 (full 3):
 PSYoungGen      total 536576K, used 421124K [0x000000076ab00000, 0x000000079e300000, 0x00000007c0000000)
  eden space 304128K, 100% used [0x000000076ab00000,0x000000077d400000,0x000000077d400000)
  from space 232448K, 50% used [0x0000000790000000,0x0000000797241170,0x000000079e300000)
  to   space 269824K, 0% used [0x000000077d400000,0x000000077d400000,0x000000078db80000)
 ParOldGen       total 339456K, used 183451K [0x00000006c0000000, 0x00000006d4b80000, 0x000000076ab00000)
  object space 339456K, 54% used [0x00000006c0000000,0x00000006cb326c08,0x00000006d4b80000)
 Metaspace       used 6552K, capacity 7320K, committed 7680K, reserved 1056768K
  class space    used 630K, capacity 656K, committed 768K, reserved 1048576K
Event: 39.183 GC heap after
Heap after GC invocations=20 (full 3):
 PSYoungGen      total 573952K, used 161972K [0x000000076ab00000, 0x000000079e300000, 0x00000007c0000000)
  eden space 304128K, 0% used [0x000000076ab00000,0x000000076ab00000,0x000000077d400000)
  from space 269824K, 60% used [0x000000077d400000,0x000000078722d068,0x000000078db80000)
  to   space 232448K, 0% used [0x0000000790000000,0x0000000790000000,0x000000079e300000)
 ParOldGen       total 339456K, used 183451K [0x00000006c0000000, 0x00000006d4b80000, 0x000000076ab00000)
  object space 339456K, 54% used [0x00000006c0000000,0x00000006cb326c08,0x00000006d4b80000)
 Metaspace       used 6552K, capacity 7320K, committed 7680K, reserved 1056768K
  class space    used 630K, capacity 656K, committed 768K, reserved 1048576K
}

