# JRE version: Java(TM) SE Runtime Environment (8.0_131-b11) (build 1.8.0_131-b11)
# Java VM: Java HotSpot(TM) 64-Bit Server VM (25.131-b11 mixed mode windows-amd64 compressed oops)
Heap:
 PSYoungGen      total 223744K, used 175247K [0x000000076ab00000, 0x000000077e200000, 0x00000007c0000000)
  eden space 165888K, 70% used [0x000000076ab00000,0x0000000771da9380,0x0000000774d00000)
  from space 57856K, 99% used [0x0000000774d00000,0x000000077857ac20,0x0000000778580000)
  to   space 43008K, 0% used [0x0000000778580000,0x0000000778580000,0x000000077af80000)
 ParOldGen       total 151552K, used 117127K [0x00000006c0000000, 0x00000006c9400000, 0x000000076ab00000)
  object space 151552K, 77% used [0x00000006c0000000,0x00000006c7261fd8,0x00000006c9400000)
 Metaspace       used 6312K, capacity 7160K, committed 7296K, reserved 1056768K
  class space    used 611K, capacity 624K, committed 640K, reserved 1048576K
GC Heap History (10 events):
Event: 7.696 GC heap before
{Heap before GC invocations=4 (full 0):
 PSYoungGen      total 71680K, used 71653K [0x000000076ab00000, 0x0000000773700000, 0x00000007c0000000)
  eden space 66560K, 100% used [0x000000076ab00000,0x000000076ec00000,0x000000076ec00000)
  from space 5120K, 99% used [0x000000076ec00000,0x000000076f0f94c0,0x000000076f100000)
  to   space 5120K, 0% used [0x0000000773200000,0x0000000773200000,0x0000000773700000)
 ParOldGen       total 87552K, used 38023K [0x00000006c0000000, 0x00000006c5580000, 0x000000076ab00000)
  object space 87552K, 43% used [0x00000006c0000000,0x00000006c2521c88,0x00000006c5580000)
 Metaspace       used 6139K, capacity 7032K, committed 7296K, reserved 1056768K
  class space    used 611K, capacity 624K, committed 640K, reserved 1048576K
Event: 7.809 GC heap after
Heap after GC invocations=4 (full 0):
 PSYoungGen      total 138240K, used 5116K [0x000000076ab00000, 0x0000000773700000, 0x00000007c0000000)
  eden space 133120K, 0% used [0x000000076ab00000,0x000000076ab00000,0x0000000772d00000)
  from space 5120K, 99% used [0x0000000773200000,0x00000007736ff198,0x0000000773700000)
  to   space 5120K, 0% used [0x0000000772d00000,0x0000000772d00000,0x0000000773200000)
 ParOldGen       total 87552K, used 65504K [0x00000006c0000000, 0x00000006c5580000, 0x000000076ab00000)
  object space 87552K, 74% used [0x00000006c0000000,0x00000006c3ff8130,0x00000006c5580000)
 Metaspace       used 6139K, capacity 7032K, committed 7296K, reserved 1056768K
  class space    used 611K, capacity 624K, committed 640K, reserved 1048576K
}
Event: 7.809 GC heap before
{Heap before GC invocations=5 (full 1):
 PSYoungGen      total 138240K, used 5116K [0x000000076ab00000, 0x0000000773700000, 0x00000007c0000000)
  eden space 133120K, 0% used [0x000000076ab00000,0x000000076ab00000,0x0000000772d00000)
  from space 5120K, 99% used [0x0000000773200000,0x00000007736ff198,0x0000000773700000)
  to   space 5120K, 0% used [0x0000000772d00000,0x0000000772d00000,0x0000000773200000)
 ParOldGen       total 87552K, used 65504K [0x00000006c0000000, 0x00000006c5580000, 0x000000076ab00000)
  object space 87552K, 74% used [0x00000006c0000000,0x00000006c3ff8130,0x00000006c5580000)
 Metaspace       used 6139K, capacity 7032K, committed 7296K, reserved 1056768K
  class space    used 611K, capacity 624K, committed 640K, reserved 1048576K
Event: 9.731 GC heap after
Heap after GC invocations=5 (full 1):
 PSYoungGen      total 138240K, used 0K [0x000000076ab00000, 0x0000000773700000, 0x00000007c0000000)
  eden space 133120K, 0% used [0x000000076ab00000,0x000000076ab00000,0x0000000772d00000)
  from space 5120K, 0% used [0x0000000773200000,0x0000000773200000,0x0000000773700000)
  to   space 5120K, 0% used [0x0000000772d00000,0x0000000772d00000,0x0000000773200000)
 ParOldGen       total 151552K, used 61986K [0x00000006c0000000, 0x00000006c9400000, 0x000000076ab00000)
  object space 151552K, 40% used [0x00000006c0000000,0x00000006c3c88830,0x00000006c9400000)
 Metaspace       used 6139K, capacity 7032K, committed 7296K, reserved 1056768K
  class space    used 611K, capacity 624K, committed 640K, reserved 1048576K
}
Event: 13.966 GC heap before
{Heap before GC invocations=6 (full 1):
 PSYoungGen      total 138240K, used 133120K [0x000000076ab00000, 0x0000000773700000, 0x00000007c0000000)
  eden space 133120K, 100% used [0x000000076ab00000,0x0000000772d00000,0x0000000772d00000)
  from space 5120K, 0% used [0x0000000773200000,0x0000000773200000,0x0000000773700000)
  to   space 5120K, 0% used [0x0000000772d00000,0x0000000772d00000,0x0000000773200000)
 ParOldGen       total 151552K, used 61986K [0x00000006c0000000, 0x00000006c9400000, 0x000000076ab00000)
  object space 151552K, 40% used [0x00000006c0000000,0x00000006c3c88830,0x00000006c9400000)
 Metaspace       used 6235K, capacity 7096K, committed 7296K, reserved 1056768K
  class space    used 611K, capacity 624K, committed 640K, reserved 1048576K
Event: 14.293 GC heap after
Heap after GC invocations=6 (full 1):
 PSYoungGen      total 138240K, used 5108K [0x000000076ab00000, 0x000000077af80000, 0x00000007c0000000)
  eden space 133120K, 0% used [0x000000076ab00000,0x000000076ab00000,0x0000000772d00000)
  from space 5120K, 99% used [0x0000000772d00000,0x00000007731fd3e8,0x0000000773200000)
  to   space 43008K, 0% used [0x0000000778580000,0x0000000778580000,0x000000077af80000)
 ParOldGen       total 151552K, used 87399K [0x00000006c0000000, 0x00000006c9400000, 0x000000076ab00000)
  object space 151552K, 57% used [0x00000006c0000000,0x00000006c5559de8,0x00000006c9400000)
 Metaspace       used 6235K, capacity 7096K, committed 7296K, reserved 1056768K
  class space    used 611K, capacity 624K, committed 640K, reserved 1048576K
}
Event: 15.254 GC heap before
{Heap before GC invocations=7 (full 1):
 PSYoungGen      total 138240K, used 138228K [0x000000076ab00000, 0x000000077af80000, 0x00000007c0000000)
  eden space 133120K, 100% used [0x000000076ab00000,0x0000000772d00000,0x0000000772d00000)
  from space 5120K, 99% used [0x0000000772d00000,0x00000007731fd3e8,0x0000000773200000)
  to   space 43008K, 0% used [0x0000000778580000,0x0000000778580000,0x000000077af80000)
 ParOldGen       total 151552K, used 87399K [0x00000006c0000000, 0x00000006c9400000, 0x000000076ab00000)
  object space 151552K, 57% used [0x00000006c0000000,0x00000006c5559de8,0x00000006c9400000)
 Metaspace       used 6249K, capacity 7160K, committed 7296K, reserved 1056768K
  class space    used 611K, capacity 624K, committed 640K, reserved 1048576K
Event: 16.366 GC heap after
Heap after GC invocations=7 (full 1):
 PSYoungGen      total 208896K, used 42978K [0x000000076ab00000, 0x000000077e200000, 0x00000007c0000000)
  eden space 165888K, 0% used [0x000000076ab00000,0x000000076ab00000,0x0000000774d00000)
  from space 43008K, 99% used [0x0000000778580000,0x000000077af78980,0x000000077af80000)
  to   space 57856K, 0% used [0x0000000774d00000,0x0000000774d00000,0x0000000778580000)
 ParOldGen       total 151552K, used 99077K [0x00000006c0000000, 0x00000006c9400000, 0x000000076ab00000)
  object space 151552K, 65% used [0x00000006c0000000,0x00000006c60c1760,0x00000006c9400000)
 Metaspace       used 6249K, capacity 7160K, committed 7296K, reserved 1056768K
  class space    used 611K, capacity 624K, committed 640K, reserved 1048576K
}
Event: 17.118 GC heap before
{Heap before GC invocations=8 (full 1):
 PSYoungGen      total 208896K, used 208866K [0x000000076ab00000, 0x000000077e200000, 0x00000007c0000000)
  eden space 165888K, 100% used [0x000000076ab00000,0x0000000774d00000,0x0000000774d00000)
  from space 43008K, 99% used [0x0000000778580000,0x000000077af78980,0x000000077af80000)
  to   space 57856K, 0% used [0x0000000774d00000,0x0000000774d00000,0x0000000778580000)
 ParOldGen       total 151552K, used 99077K [0x00000006c0000000, 0x00000006c9400000, 0x000000076ab00000)
  object space 151552K, 65% used [0x00000006c0000000,0x00000006c60c1760,0x00000006c9400000)
 Metaspace       used 6282K, capacity 7160K, committed 7296K, reserved 1056768K
  class space    used 611K, capacity 624K, committed 640K, reserved 1048576K
Event: 17.906 GC heap after
Heap after GC invocations=8 (full 1):
 PSYoungGen      total 223744K, used 57835K [0x000000076ab00000, 0x000000077e200000, 0x00000007c0000000)
  eden space 165888K, 0% used [0x000000076ab00000,0x000000076ab00000,0x0000000774d00000)
  from space 57856K, 99% used [0x0000000774d00000,0x000000077857ac20,0x0000000778580000)
  to   space 43008K, 0% used [0x0000000778580000,0x0000000778580000,0x000000077af80000)
 ParOldGen       total 151552K, used 117127K [0x00000006c0000000, 0x00000006c9400000, 0x000000076ab00000)
  object space 151552K, 77% used [0x00000006c0000000,0x00000006c7261fd8,0x00000006c9400000)
 Metaspace       used 6282K, capacity 7160K, committed 7296K, reserved 1056768K
  class space    used 611K, capacity 624K, committed 640K, reserved 1048576K
}

