# JRE version: Java(TM) SE Runtime Environment (8.0_131-b11) (build 1.8.0_131-b11)
# Java VM: Java HotSpot(TM) 64-Bit Server VM (25.131-b11 mixed mode windows-amd64 compressed oops)
Heap:
 PSYoungGen      total 422912K, used 63791K [0x000000076ab00000, 0x000000078be00000, 0x00000007c0000000)
  eden space 358400K, 5% used [0x000000076ab00000,0x000000076bf06600,0x0000000780900000)
  from space 64512K, 67% used [0x0000000781f00000,0x00000007849456f0,0x0000000785e00000)
  to   space 92672K, 0% used [0x0000000786380000,0x0000000786380000,0x000000078be00000)
 ParOldGen       total 296960K, used 167356K [0x00000006c0000000, 0x00000006d2200000, 0x000000076ab00000)
  object space 296960K, 56% used [0x00000006c0000000,0x00000006ca36f0d8,0x00000006d2200000)
 Metaspace       used 6541K, capacity 7320K, committed 7680K, reserved 1056768K
  class space    used 632K, capacity 656K, committed 768K, reserved 1048576K
GC Heap History (10 events):
Event: 10.333 GC heap before
{Heap before GC invocations=9 (full 0):
 PSYoungGen      total 283648K, used 283646K [0x000000076ab00000, 0x000000077fb00000, 0x00000007c0000000)
  eden space 250880K, 100% used [0x000000076ab00000,0x000000077a000000,0x000000077a000000)
  from space 32768K, 99% used [0x000000077c900000,0x000000077e8ffbc0,0x000000077e900000)
  to   space 41984K, 0% used [0x000000077a000000,0x000000077a000000,0x000000077c900000)
 ParOldGen       total 87552K, used 59795K [0x00000006c0000000, 0x00000006c5580000, 0x000000076ab00000)
  object space 87552K, 68% used [0x00000006c0000000,0x00000006c3a64df0,0x00000006c5580000)
 Metaspace       used 6436K, capacity 7288K, committed 7552K, reserved 1056768K
  class space    used 612K, capacity 624K, committed 640K, reserved 1048576K
Event: 10.781 GC heap after
Heap after GC invocations=9 (full 0):
 PSYoungGen      total 292864K, used 41980K [0x000000076ab00000, 0x000000078a800000, 0x00000007c0000000)
  eden space 250880K, 0% used [0x000000076ab00000,0x000000076ab00000,0x000000077a000000)
  from space 41984K, 99% used [0x000000077a000000,0x000000077c8ff030,0x000000077c900000)
  to   space 59904K, 0% used [0x0000000786d80000,0x0000000786d80000,0x000000078a800000)
 ParOldGen       total 87552K, used 87484K [0x00000006c0000000, 0x00000006c5580000, 0x000000076ab00000)
  object space 87552K, 99% used [0x00000006c0000000,0x00000006c556f218,0x00000006c5580000)
 Metaspace       used 6436K, capacity 7288K, committed 7552K, reserved 1056768K
  class space    used 612K, capacity 624K, committed 640K, reserved 1048576K
}
Event: 10.781 GC heap before
{Heap before GC invocations=10 (full 1):
 PSYoungGen      total 292864K, used 41980K [0x000000076ab00000, 0x000000078a800000, 0x00000007c0000000)
  eden space 250880K, 0% used [0x000000076ab00000,0x000000076ab00000,0x000000077a000000)
  from space 41984K, 99% used [0x000000077a000000,0x000000077c8ff030,0x000000077c900000)
  to   space 59904K, 0% used [0x0000000786d80000,0x0000000786d80000,0x000000078a800000)
 ParOldGen       total 87552K, used 87484K [0x00000006c0000000, 0x00000006c5580000, 0x000000076ab00000)
  object space 87552K, 99% used [0x00000006c0000000,0x00000006c556f218,0x00000006c5580000)
 Metaspace       used 6436K, capacity 7288K, committed 7552K, reserved 1056768K
  class space    used 612K, capacity 624K, committed 640K, reserved 1048576K
Event: 16.389 GC heap after
Heap after GC invocations=10 (full 1):
 PSYoungGen      total 292864K, used 21420K [0x000000076ab00000, 0x000000078a800000, 0x00000007c0000000)
  eden space 250880K, 0% used [0x000000076ab00000,0x000000076ab00000,0x000000077a000000)
  from space 41984K, 51% used [0x000000077a000000,0x000000077b4eb0a0,0x000000077c900000)
  to   space 59904K, 0% used [0x0000000786d80000,0x0000000786d80000,0x000000078a800000)
 ParOldGen       total 167424K, used 87282K [0x00000006c0000000, 0x00000006ca380000, 0x000000076ab00000)
  object space 167424K, 52% used [0x00000006c0000000,0x00000006c553ca50,0x00000006ca380000)
 Metaspace       used 6436K, capacity 7288K, committed 7552K, reserved 1056768K
  class space    used 612K, capacity 624K, committed 640K, reserved 1048576K
}
Event: 18.421 GC heap before
{Heap before GC invocations=11 (full 1):
 PSYoungGen      total 292864K, used 272300K [0x000000076ab00000, 0x000000078a800000, 0x00000007c0000000)
  eden space 250880K, 100% used [0x000000076ab00000,0x000000077a000000,0x000000077a000000)
  from space 41984K, 51% used [0x000000077a000000,0x000000077b4eb0a0,0x000000077c900000)
  to   space 59904K, 0% used [0x0000000786d80000,0x0000000786d80000,0x000000078a800000)
 ParOldGen       total 167424K, used 87282K [0x00000006c0000000, 0x00000006ca380000, 0x000000076ab00000)
  object space 167424K, 52% used [0x00000006c0000000,0x00000006c553ca50,0x00000006ca380000)
 Metaspace       used 6446K, capacity 7288K, committed 7552K, reserved 1056768K
  class space    used 612K, capacity 624K, committed 640K, reserved 1048576K
Event: 19.051 GC heap after
Heap after GC invocations=11 (full 1):
 PSYoungGen      total 338432K, used 48447K [0x000000076ab00000, 0x0000000789d00000, 0x00000007c0000000)
  eden space 289792K, 0% used [0x000000076ab00000,0x000000076ab00000,0x000000077c600000)
  from space 48640K, 99% used [0x0000000786d80000,0x0000000789ccfff8,0x0000000789d00000)
  to   space 64512K, 0% used [0x0000000781f00000,0x0000000781f00000,0x0000000785e00000)
 ParOldGen       total 167424K, used 98966K [0x00000006c0000000, 0x00000006ca380000, 0x000000076ab00000)
  object space 167424K, 59% used [0x00000006c0000000,0x00000006c60a5890,0x00000006ca380000)
 Metaspace       used 6446K, capacity 7288K, committed 7552K, reserved 1056768K
  class space    used 612K, capacity 624K, committed 640K, reserved 1048576K
}
Event: 20.242 GC heap before
{Heap before GC invocations=12 (full 1):
 PSYoungGen      total 338432K, used 338239K [0x000000076ab00000, 0x0000000789d00000, 0x00000007c0000000)
  eden space 289792K, 100% used [0x000000076ab00000,0x000000077c600000,0x000000077c600000)
  from space 48640K, 99% used [0x0000000786d80000,0x0000000789ccfff8,0x0000000789d00000)
  to   space 64512K, 0% used [0x0000000781f00000,0x0000000781f00000,0x0000000785e00000)
 ParOldGen       total 167424K, used 98966K [0x00000006c0000000, 0x00000006ca380000, 0x000000076ab00000)
  object space 167424K, 59% used [0x00000006c0000000,0x00000006c60a5890,0x00000006ca380000)
 Metaspace       used 6539K, capacity 7320K, committed 7680K, reserved 1056768K
  class space    used 632K, capacity 656K, committed 768K, reserved 1048576K
Event: 21.731 GC heap after
Heap after GC invocations=12 (full 1):
 PSYoungGen      total 422912K, used 64489K [0x000000076ab00000, 0x000000078be00000, 0x00000007c0000000)
  eden space 358400K, 0% used [0x000000076ab00000,0x000000076ab00000,0x0000000780900000)
  from space 64512K, 99% used [0x0000000781f00000,0x0000000785dfa558,0x0000000785e00000)
  to   space 92672K, 0% used [0x0000000786380000,0x0000000786380000,0x000000078be00000)
 ParOldGen       total 167424K, used 147543K [0x00000006c0000000, 0x00000006ca380000, 0x000000076ab00000)
  object space 167424K, 88% used [0x00000006c0000000,0x00000006c9015ee0,0x00000006ca380000)
 Metaspace       used 6539K, capacity 7320K, committed 7680K, reserved 1056768K
  class space    used 632K, capacity 656K, committed 768K, reserved 1048576K
}
Event: 21.731 GC heap before
{Heap before GC invocations=13 (full 2):
 PSYoungGen      total 422912K, used 64489K [0x000000076ab00000, 0x000000078be00000, 0x00000007c0000000)
  eden space 358400K, 0% used [0x000000076ab00000,0x000000076ab00000,0x0000000780900000)
  from space 64512K, 99% used [0x0000000781f00000,0x0000000785dfa558,0x0000000785e00000)
  to   space 92672K, 0% used [0x0000000786380000,0x0000000786380000,0x000000078be00000)
 ParOldGen       total 167424K, used 147543K [0x00000006c0000000, 0x00000006ca380000, 0x000000076ab00000)
  object space 167424K, 88% used [0x00000006c0000000,0x00000006c9015ee0,0x00000006ca380000)
 Metaspace       used 6539K, capacity 7320K, committed 7680K, reserved 1056768K
  class space    used 632K, capacity 656K, committed 768K, reserved 1048576K
Event: 26.176 GC heap after
Heap after GC invocations=13 (full 2):
 PSYoungGen      total 422912K, used 43285K [0x000000076ab00000, 0x000000078be00000, 0x00000007c0000000)
  eden space 358400K, 0% used [0x000000076ab00000,0x000000076ab00000,0x0000000780900000)
  from space 64512K, 67% used [0x0000000781f00000,0x00000007849456f0,0x0000000785e00000)
  to   space 92672K, 0% used [0x0000000786380000,0x0000000786380000,0x000000078be00000)
 ParOldGen       total 296960K, used 167356K [0x00000006c0000000, 0x00000006d2200000, 0x000000076ab00000)
  object space 296960K, 56% used [0x00000006c0000000,0x00000006ca36f0d8,0x00000006d2200000)
 Metaspace       used 6539K, capacity 7320K, committed 7680K, reserved 1056768K
  class space    used 632K, capacity 656K, committed 768K, reserved 1048576K
}

