# JRE version: Java(TM) SE Runtime Environment (8.0_131-b11) (build 1.8.0_131-b11)
# Java VM: Java HotSpot(TM) 64-Bit Server VM (25.131-b11 mixed mode windows-amd64 compressed oops)
Heap:
 PSYoungGen      total 283136K, used 167460K [0x000000076ab00000, 0x0000000785180000, 0x00000007c0000000)
  eden space 212992K, 45% used [0x000000076ab00000,0x0000000770a0c478,0x0000000777b00000)
  from space 70144K, 99% used [0x000000077d000000,0x000000078147cdd8,0x0000000781480000)
  to   space 87040K, 0% used [0x0000000777b00000,0x0000000777b00000,0x000000077d000000)
 ParOldGen       total 201216K, used 84423K [0x00000006c0000000, 0x00000006cc480000, 0x000000076ab00000)
  object space 201216K, 41% used [0x00000006c0000000,0x00000006c5271c08,0x00000006cc480000)
 Metaspace       used 6488K, capacity 7256K, committed 7424K, reserved 1056768K
  class space    used 632K, capacity 656K, committed 768K, reserved 1048576K
GC Heap History (10 events):
Event: 11.560 GC heap before
{Heap before GC invocations=6 (full 1):
 PSYoungGen      total 138240K, used 133120K [0x000000076ab00000, 0x0000000773700000, 0x00000007c0000000)
  eden space 133120K, 100% used [0x000000076ab00000,0x0000000772d00000,0x0000000772d00000)
  from space 5120K, 0% used [0x0000000773200000,0x0000000773200000,0x0000000773700000)
  to   space 5120K, 0% used [0x0000000772d00000,0x0000000772d00000,0x0000000773200000)
 ParOldGen       total 143360K, used 59589K [0x00000006c0000000, 0x00000006c8c00000, 0x000000076ab00000)
  object space 143360K, 41% used [0x00000006c0000000,0x00000006c3a31660,0x00000006c8c00000)
 Metaspace       used 6186K, capacity 7094K, committed 7296K, reserved 1056768K
  class space    used 611K, capacity 622K, committed 640K, reserved 1048576K
Event: 11.729 GC heap after
Heap after GC invocations=6 (full 1):
 PSYoungGen      total 138240K, used 5120K [0x000000076ab00000, 0x000000077e300000, 0x00000007c0000000)
  eden space 133120K, 0% used [0x000000076ab00000,0x000000076ab00000,0x0000000772d00000)
  from space 5120K, 100% used [0x0000000772d00000,0x0000000773200000,0x0000000773200000)
  to   space 55808K, 0% used [0x000000077ac80000,0x000000077ac80000,0x000000077e300000)
 ParOldGen       total 143360K, used 102112K [0x00000006c0000000, 0x00000006c8c00000, 0x000000076ab00000)
  object space 143360K, 71% used [0x00000006c0000000,0x00000006c63b8360,0x00000006c8c00000)
 Metaspace       used 6186K, capacity 7094K, committed 7296K, reserved 1056768K
  class space    used 611K, capacity 622K, committed 640K, reserved 1048576K
}
Event: 11.729 GC heap before
{Heap before GC invocations=7 (full 2):
 PSYoungGen      total 138240K, used 5120K [0x000000076ab00000, 0x000000077e300000, 0x00000007c0000000)
  eden space 133120K, 0% used [0x000000076ab00000,0x000000076ab00000,0x0000000772d00000)
  from space 5120K, 100% used [0x0000000772d00000,0x0000000773200000,0x0000000773200000)
  to   space 55808K, 0% used [0x000000077ac80000,0x000000077ac80000,0x000000077e300000)
 ParOldGen       total 143360K, used 102112K [0x00000006c0000000, 0x00000006c8c00000, 0x000000076ab00000)
  object space 143360K, 71% used [0x00000006c0000000,0x00000006c63b8360,0x00000006c8c00000)
 Metaspace       used 6186K, capacity 7094K, committed 7296K, reserved 1056768K
  class space    used 611K, capacity 622K, committed 640K, reserved 1048576K
Event: 12.314 GC heap after
Heap after GC invocations=7 (full 2):
 PSYoungGen      total 138240K, used 0K [0x000000076ab00000, 0x000000077e300000, 0x00000007c0000000)
  eden space 133120K, 0% used [0x000000076ab00000,0x000000076ab00000,0x0000000772d00000)
  from space 5120K, 0% used [0x0000000772d00000,0x0000000772d00000,0x0000000773200000)
  to   space 55808K, 0% used [0x000000077ac80000,0x000000077ac80000,0x000000077e300000)
 ParOldGen       total 201216K, used 72447K [0x00000006c0000000, 0x00000006cc480000, 0x000000076ab00000)
  object space 201216K, 36% used [0x00000006c0000000,0x00000006c46bfe88,0x00000006cc480000)
 Metaspace       used 6186K, capacity 7094K, committed 7296K, reserved 1056768K
  class space    used 611K, capacity 622K, committed 640K, reserved 1048576K
}
Event: 12.973 GC heap before
{Heap before GC invocations=8 (full 2):
 PSYoungGen      total 138240K, used 133120K [0x000000076ab00000, 0x000000077e300000, 0x00000007c0000000)
  eden space 133120K, 100% used [0x000000076ab00000,0x0000000772d00000,0x0000000772d00000)
  from space 5120K, 0% used [0x0000000772d00000,0x0000000772d00000,0x0000000773200000)
  to   space 55808K, 0% used [0x000000077ac80000,0x000000077ac80000,0x000000077e300000)
 ParOldGen       total 201216K, used 72447K [0x00000006c0000000, 0x00000006cc480000, 0x000000076ab00000)
  object space 201216K, 36% used [0x00000006c0000000,0x00000006c46bfe88,0x00000006cc480000)
 Metaspace       used 6231K, capacity 7094K, committed 7296K, reserved 1056768K
  class space    used 611K, capacity 622K, committed 640K, reserved 1048576K
Event: 13.001 GC heap after
Heap after GC invocations=8 (full 2):
 PSYoungGen      total 219648K, used 46222K [0x000000076ab00000, 0x000000077da00000, 0x00000007c0000000)
  eden space 173056K, 0% used [0x000000076ab00000,0x000000076ab00000,0x0000000775400000)
  from space 46592K, 99% used [0x000000077ac80000,0x000000077d9a3ba8,0x000000077da00000)
  to   space 61952K, 0% used [0x0000000776100000,0x0000000776100000,0x0000000779d80000)
 ParOldGen       total 201216K, used 72455K [0x00000006c0000000, 0x00000006cc480000, 0x000000076ab00000)
  object space 201216K, 36% used [0x00000006c0000000,0x00000006c46c1e88,0x00000006cc480000)
 Metaspace       used 6231K, capacity 7094K, committed 7296K, reserved 1056768K
  class space    used 611K, capacity 622K, committed 640K, reserved 1048576K
}
Event: 13.637 GC heap before
{Heap before GC invocations=9 (full 2):
 PSYoungGen      total 219648K, used 219278K [0x000000076ab00000, 0x000000077da00000, 0x00000007c0000000)
  eden space 173056K, 100% used [0x000000076ab00000,0x0000000775400000,0x0000000775400000)
  from space 46592K, 99% used [0x000000077ac80000,0x000000077d9a3ba8,0x000000077da00000)
  to   space 61952K, 0% used [0x0000000776100000,0x0000000776100000,0x0000000779d80000)
 ParOldGen       total 201216K, used 72455K [0x00000006c0000000, 0x00000006cc480000, 0x000000076ab00000)
  object space 201216K, 36% used [0x00000006c0000000,0x00000006c46c1e88,0x00000006cc480000)
 Metaspace       used 6283K, capacity 7158K, committed 7296K, reserved 1056768K
  class space    used 611K, capacity 622K, committed 640K, reserved 1048576K
Event: 13.759 GC heap after
Heap after GC invocations=9 (full 2):
 PSYoungGen      total 248320K, used 54867K [0x000000076ab00000, 0x0000000781480000, 0x00000007c0000000)
  eden space 186368K, 0% used [0x000000076ab00000,0x000000076ab00000,0x0000000776100000)
  from space 61952K, 88% used [0x0000000776100000,0x0000000779694e10,0x0000000779d80000)
  to   space 70144K, 0% used [0x000000077d000000,0x000000077d000000,0x0000000781480000)
 ParOldGen       total 201216K, used 72463K [0x00000006c0000000, 0x00000006cc480000, 0x000000076ab00000)
  object space 201216K, 36% used [0x00000006c0000000,0x00000006c46c3e88,0x00000006cc480000)
 Metaspace       used 6283K, capacity 7158K, committed 7296K, reserved 1056768K
  class space    used 611K, capacity 622K, committed 640K, reserved 1048576K
}
Event: 14.504 GC heap before
{Heap before GC invocations=10 (full 2):
 PSYoungGen      total 248320K, used 241235K [0x000000076ab00000, 0x0000000781480000, 0x00000007c0000000)
  eden space 186368K, 100% used [0x000000076ab00000,0x0000000776100000,0x0000000776100000)
  from space 61952K, 88% used [0x0000000776100000,0x0000000779694e10,0x0000000779d80000)
  to   space 70144K, 0% used [0x000000077d000000,0x000000077d000000,0x0000000781480000)
 ParOldGen       total 201216K, used 72463K [0x00000006c0000000, 0x00000006cc480000, 0x000000076ab00000)
  object space 201216K, 36% used [0x00000006c0000000,0x00000006c46c3e88,0x00000006cc480000)
 Metaspace       used 6341K, capacity 7158K, committed 7296K, reserved 1056768K
  class space    used 611K, capacity 622K, committed 640K, reserved 1048576K
Event: 14.752 GC heap after
Heap after GC invocations=10 (full 2):
 PSYoungGen      total 283136K, used 70131K [0x000000076ab00000, 0x0000000785180000, 0x00000007c0000000)
  eden space 212992K, 0% used [0x000000076ab00000,0x000000076ab00000,0x0000000777b00000)
  from space 70144K, 99% used [0x000000077d000000,0x000000078147cdd8,0x0000000781480000)
  to   space 87040K, 0% used [0x0000000777b00000,0x0000000777b00000,0x000000077d000000)
 ParOldGen       total 201216K, used 84423K [0x00000006c0000000, 0x00000006cc480000, 0x000000076ab00000)
  object space 201216K, 41% used [0x00000006c0000000,0x00000006c5271c08,0x00000006cc480000)
 Metaspace       used 6341K, capacity 7158K, committed 7296K, reserved 1056768K
  class space    used 611K, capacity 622K, committed 640K, reserved 1048576K
}

