# JRE version: Java(TM) SE Runtime Environment (8.0_131-b11) (build 1.8.0_131-b11)
# Java VM: Java HotSpot(TM) 64-Bit Server VM (25.131-b11 mixed mode windows-amd64 compressed oops)
Heap:
 PSYoungGen      total 429568K, used 78827K [0x000000076ab00000, 0x0000000791280000, 0x00000007c0000000)
  eden space 280576K, 5% used [0x000000076ab00000,0x000000076bab5c38,0x000000077bd00000)
  from space 148992K, 42% used [0x0000000786000000,0x0000000789d45160,0x000000078f180000)
  to   space 166912K, 0% used [0x000000077bd00000,0x000000077bd00000,0x0000000786000000)
 ParOldGen       total 193536K, used 193064K [0x00000006c0000000, 0x00000006cbd00000, 0x000000076ab00000)
  object space 193536K, 99% used [0x00000006c0000000,0x00000006cbc8a008,0x00000006cbd00000)
 Metaspace       used 6562K, capacity 7320K, committed 7680K, reserved 1056768K
  class space    used 631K, capacity 656K, committed 768K, reserved 1048576K
GC Heap History (10 events):
Event: 12.941 GC heap before
{Heap before GC invocations=15 (full 2):
 PSYoungGen      total 269824K, used 253256K [0x000000076ab00000, 0x0000000780e00000, 0x00000007c0000000)
  eden space 190464K, 100% used [0x000000076ab00000,0x0000000776500000,0x0000000776500000)
  from space 79360K, 79% used [0x000000077b800000,0x000000077f5523b0,0x0000000780580000)
  to   space 84992K, 0% used [0x0000000776500000,0x0000000776500000,0x000000077b800000)
 ParOldGen       total 193536K, used 87177K [0x00000006c0000000, 0x00000006cbd00000, 0x000000076ab00000)
  object space 193536K, 45% used [0x00000006c0000000,0x00000006c5522668,0x00000006cbd00000)
 Metaspace       used 6530K, capacity 7256K, committed 7424K, reserved 1056768K
  class space    used 631K, capacity 656K, committed 768K, reserved 1048576K
Event: 13.170 GC heap after
Heap after GC invocations=15 (full 2):
 PSYoungGen      total 275456K, used 84983K [0x000000076ab00000, 0x0000000786180000, 0x00000007c0000000)
  eden space 190464K, 0% used [0x000000076ab00000,0x000000076ab00000,0x0000000776500000)
  from space 84992K, 99% used [0x0000000776500000,0x000000077b7fdd70,0x000000077b800000)
  to   space 107008K, 0% used [0x000000077f900000,0x000000077f900000,0x0000000786180000)
 ParOldGen       total 193536K, used 111924K [0x00000006c0000000, 0x00000006cbd00000, 0x000000076ab00000)
  object space 193536K, 57% used [0x00000006c0000000,0x00000006c6d4d098,0x00000006cbd00000)
 Metaspace       used 6530K, capacity 7256K, committed 7424K, reserved 1056768K
  class space    used 631K, capacity 656K, committed 768K, reserved 1048576K
}
Event: 13.759 GC heap before
{Heap before GC invocations=16 (full 2):
 PSYoungGen      total 275456K, used 275447K [0x000000076ab00000, 0x0000000786180000, 0x00000007c0000000)
  eden space 190464K, 100% used [0x000000076ab00000,0x0000000776500000,0x0000000776500000)
  from space 84992K, 99% used [0x0000000776500000,0x000000077b7fdd70,0x000000077b800000)
  to   space 107008K, 0% used [0x000000077f900000,0x000000077f900000,0x0000000786180000)
 ParOldGen       total 193536K, used 111924K [0x00000006c0000000, 0x00000006cbd00000, 0x000000076ab00000)
  object space 193536K, 57% used [0x00000006c0000000,0x00000006c6d4d098,0x00000006cbd00000)
 Metaspace       used 6538K, capacity 7256K, committed 7424K, reserved 1056768K
  class space    used 631K, capacity 656K, committed 768K, reserved 1048576K
Event: 14.127 GC heap after
Heap after GC invocations=16 (full 2):
 PSYoungGen      total 332288K, used 87789K [0x000000076ab00000, 0x0000000787d80000, 0x00000007c0000000)
  eden space 225280K, 0% used [0x000000076ab00000,0x000000076ab00000,0x0000000778700000)
  from space 107008K, 82% used [0x000000077f900000,0x0000000784ebb478,0x0000000786180000)
  to   space 116736K, 0% used [0x0000000778700000,0x0000000778700000,0x000000077f900000)
 ParOldGen       total 193536K, used 111932K [0x00000006c0000000, 0x00000006cbd00000, 0x000000076ab00000)
  object space 193536K, 57% used [0x00000006c0000000,0x00000006c6d4f098,0x00000006cbd00000)
 Metaspace       used 6538K, capacity 7256K, committed 7424K, reserved 1056768K
  class space    used 631K, capacity 656K, committed 768K, reserved 1048576K
}
Event: 14.864 GC heap before
{Heap before GC invocations=17 (full 2):
 PSYoungGen      total 332288K, used 313069K [0x000000076ab00000, 0x0000000787d80000, 0x00000007c0000000)
  eden space 225280K, 100% used [0x000000076ab00000,0x0000000778700000,0x0000000778700000)
  from space 107008K, 82% used [0x000000077f900000,0x0000000784ebb478,0x0000000786180000)
  to   space 116736K, 0% used [0x0000000778700000,0x0000000778700000,0x000000077f900000)
 ParOldGen       total 193536K, used 111932K [0x00000006c0000000, 0x00000006cbd00000, 0x000000076ab00000)
  object space 193536K, 57% used [0x00000006c0000000,0x00000006c6d4f098,0x00000006cbd00000)
 Metaspace       used 6561K, capacity 7320K, committed 7680K, reserved 1056768K
  class space    used 631K, capacity 656K, committed 768K, reserved 1048576K
Event: 15.526 GC heap after
Heap after GC invocations=17 (full 2):
 PSYoungGen      total 342016K, used 116726K [0x000000076ab00000, 0x000000078f180000, 0x00000007c0000000)
  eden space 225280K, 0% used [0x000000076ab00000,0x000000076ab00000,0x0000000778700000)
  from space 116736K, 99% used [0x0000000778700000,0x000000077f8fda28,0x000000077f900000)
  to   space 148992K, 0% used [0x0000000786000000,0x0000000786000000,0x000000078f180000)
 ParOldGen       total 193536K, used 150230K [0x00000006c0000000, 0x00000006cbd00000, 0x000000076ab00000)
  object space 193536K, 77% used [0x00000006c0000000,0x00000006c92b58a0,0x00000006cbd00000)
 Metaspace       used 6561K, capacity 7320K, committed 7680K, reserved 1056768K
  class space    used 631K, capacity 656K, committed 768K, reserved 1048576K
}
Event: 17.670 GC heap before
{Heap before GC invocations=18 (full 2):
 PSYoungGen      total 342016K, used 342006K [0x000000076ab00000, 0x000000078f180000, 0x00000007c0000000)
  eden space 225280K, 100% used [0x000000076ab00000,0x0000000778700000,0x0000000778700000)
  from space 116736K, 99% used [0x0000000778700000,0x000000077f8fda28,0x000000077f900000)
  to   space 148992K, 0% used [0x0000000786000000,0x0000000786000000,0x000000078f180000)
 ParOldGen       total 193536K, used 150230K [0x00000006c0000000, 0x00000006cbd00000, 0x000000076ab00000)
  object space 193536K, 77% used [0x00000006c0000000,0x00000006c92b58a0,0x00000006cbd00000)
 Metaspace       used 6562K, capacity 7320K, committed 7680K, reserved 1056768K
  class space    used 631K, capacity 656K, committed 768K, reserved 1048576K
Event: 18.241 GC heap after
Heap after GC invocations=18 (full 2):
 PSYoungGen      total 429568K, used 131822K [0x000000076ab00000, 0x0000000791280000, 0x00000007c0000000)
  eden space 280576K, 0% used [0x000000076ab00000,0x000000076ab00000,0x000000077bd00000)
  from space 148992K, 88% used [0x0000000786000000,0x000000078e0bbad0,0x000000078f180000)
  to   space 166912K, 0% used [0x000000077bd00000,0x000000077bd00000,0x0000000786000000)
 ParOldGen       total 193536K, used 176210K [0x00000006c0000000, 0x00000006cbd00000, 0x000000076ab00000)
  object space 193536K, 91% used [0x00000006c0000000,0x00000006cac14838,0x00000006cbd00000)
 Metaspace       used 6562K, capacity 7320K, committed 7680K, reserved 1056768K
  class space    used 631K, capacity 656K, committed 768K, reserved 1048576K
}
Event: 18.241 GC heap before
{Heap before GC invocations=19 (full 3):
 PSYoungGen      total 429568K, used 131822K [0x000000076ab00000, 0x0000000791280000, 0x00000007c0000000)
  eden space 280576K, 0% used [0x000000076ab00000,0x000000076ab00000,0x000000077bd00000)
  from space 148992K, 88% used [0x0000000786000000,0x000000078e0bbad0,0x000000078f180000)
  to   space 166912K, 0% used [0x000000077bd00000,0x000000077bd00000,0x0000000786000000)
 ParOldGen       total 193536K, used 176210K [0x00000006c0000000, 0x00000006cbd00000, 0x000000076ab00000)
  object space 193536K, 91% used [0x00000006c0000000,0x00000006cac14838,0x00000006cbd00000)
 Metaspace       used 6562K, capacity 7320K, committed 7680K, reserved 1056768K
  class space    used 631K, capacity 656K, committed 768K, reserved 1048576K
Event: 28.086 GC heap after
Heap after GC invocations=19 (full 3):
 PSYoungGen      total 429568K, used 62740K [0x000000076ab00000, 0x0000000791280000, 0x00000007c0000000)
  eden space 280576K, 0% used [0x000000076ab00000,0x000000076ab00000,0x000000077bd00000)
  from space 148992K, 42% used [0x0000000786000000,0x0000000789d45160,0x000000078f180000)
  to   space 166912K, 0% used [0x000000077bd00000,0x000000077bd00000,0x0000000786000000)
 ParOldGen       total 193536K, used 193064K [0x00000006c0000000, 0x00000006cbd00000, 0x000000076ab00000)
  object space 193536K, 99% used [0x00000006c0000000,0x00000006cbc8a008,0x00000006cbd00000)
 Metaspace       used 6562K, capacity 7320K, committed 7680K, reserved 1056768K
  class space    used 631K, capacity 656K, committed 768K, reserved 1048576K
}

